<?xml version="1.0" encoding="UTF-8"?>
<testng-results skipped="0" failed="0" ignored="0" total="1" passed="1">
  <reporter-output>
    <line>
      <![CDATA[CreateCustomer]]>
    </line>
  </reporter-output>
  <suite name="Suite" duration-ms="94" started-at="2021-12-25T08:10:56Z" finished-at="2021-12-25T08:10:57Z">
    <groups>
    </groups>
    <test name="Test" duration-ms="94" started-at="2021-12-25T08:10:56Z" finished-at="2021-12-25T08:10:57Z">
      <class name="com.actitime.test.CreateCustomer">
        <test-method status="PASS" signature="createCustomer()[pri:0, instance:com.actitime.test.CreateCustomer@54c562f7]" name="createCustomer" duration-ms="16" started-at="2021-12-25T08:10:57Z" finished-at="2021-12-25T08:10:57Z">
          <reporter-output>
            <line>
              <![CDATA[CreateCustomer]]>
            </line>
          </reporter-output>
        </test-method> <!-- createCustomer -->
      </class> <!-- com.actitime.test.CreateCustomer -->
    </test> <!-- Test -->
  </suite> <!-- Suite -->
</testng-results>
